<?xml version="1.0" encoding="UTF-8"?><testsuite name="nosetests" tests="1" errors="0" failures="0" skip="0"><testcase classname="myproject.apps.homeowners.tests.test_models.HomeOwnersModelsTestCase" name="test_str_method" time="0.041"></testcase></testsuite>